<?xml version="1.0" encoding="UTF-8"?>
<testng-results ignored="0" total="9" passed="7" failed="2" skipped="0">
  <reporter-output>
  </reporter-output>
  <suite started-at="2023-04-03T11:09:22 IST" name="Default suite" finished-at="2023-04-03T11:13:14 IST" duration-ms="231266">
    <groups>
    </groups>
    <test started-at="2023-04-03T11:09:22 IST" name="Default test" finished-at="2023-04-03T11:13:14 IST" duration-ms="231266">
      <class name="com.bridgelabz.test.InstagramTest">
        <test-method is-config="true" signature="initialization()[pri:0, instance:com.bridgelabz.test.InstagramTest@7526515b]" started-at="2023-04-03T11:09:22 IST" name="initialization" finished-at="2023-04-03T11:09:59 IST" duration-ms="36382" status="PASS">
          <reporter-output>
          </reporter-output>
        </test-method> <!-- initialization -->
        <test-method signature="redirectOnSignup()[pri:0, instance:com.bridgelabz.test.InstagramTest@7526515b]" started-at="2023-04-03T11:09:59 IST" name="redirectOnSignup" finished-at="2023-04-03T11:10:07 IST" duration-ms="8319" status="PASS">
          <reporter-output>
          </reporter-output>
        </test-method> <!-- redirectOnSignup -->
        <test-method is-config="true" signature="tearDown()[pri:0, instance:com.bridgelabz.test.InstagramTest@7526515b]" started-at="2023-04-03T11:10:07 IST" name="tearDown" finished-at="2023-04-03T11:10:07 IST" duration-ms="120" status="PASS">
          <reporter-output>
          </reporter-output>
        </test-method> <!-- tearDown -->
        <test-method is-config="true" signature="initialization()[pri:0, instance:com.bridgelabz.test.InstagramTest@7526515b]" started-at="2023-04-03T11:10:07 IST" name="initialization" finished-at="2023-04-03T11:10:16 IST" duration-ms="8400" status="PASS">
          <reporter-output>
          </reporter-output>
        </test-method> <!-- initialization -->
        <test-method signature="insertDatainToTheRegistrationField()[pri:1, instance:com.bridgelabz.test.InstagramTest@7526515b]" started-at="2023-04-03T11:10:16 IST" name="insertDatainToTheRegistrationField" finished-at="2023-04-03T11:10:23 IST" duration-ms="7811" status="PASS">
          <reporter-output>
          </reporter-output>
        </test-method> <!-- insertDatainToTheRegistrationField -->
        <test-method is-config="true" signature="tearDown()[pri:0, instance:com.bridgelabz.test.InstagramTest@7526515b]" started-at="2023-04-03T11:10:23 IST" name="tearDown" finished-at="2023-04-03T11:10:24 IST" duration-ms="156" status="PASS">
          <reporter-output>
          </reporter-output>
        </test-method> <!-- tearDown -->
        <test-method is-config="true" signature="initialization()[pri:0, instance:com.bridgelabz.test.InstagramTest@7526515b]" started-at="2023-04-03T11:10:24 IST" name="initialization" finished-at="2023-04-03T11:10:32 IST" duration-ms="8249" status="PASS">
          <reporter-output>
          </reporter-output>
        </test-method> <!-- initialization -->
        <test-method signature="loginToInstagram(java.lang.String,java.lang.String)[pri:2, instance:com.bridgelabz.test.InstagramTest@7526515b]" started-at="2023-04-03T11:10:32 IST" name="loginToInstagram" data-provider="testData" finished-at="2023-04-03T11:10:39 IST" duration-ms="6467" status="PASS">
          <params>
            <param index="0">
              <value>
                <![CDATA[mishra]]>
              </value>
            </param>
            <param index="1">
              <value>
                <![CDATA[Abhishek@123]]>
              </value>
            </param>
          </params>
          <reporter-output>
          </reporter-output>
        </test-method> <!-- loginToInstagram -->
        <test-method is-config="true" signature="tearDown()[pri:0, instance:com.bridgelabz.test.InstagramTest@7526515b]" started-at="2023-04-03T11:10:39 IST" name="tearDown" finished-at="2023-04-03T11:10:39 IST" duration-ms="161" status="PASS">
          <reporter-output>
          </reporter-output>
        </test-method> <!-- tearDown -->
        <test-method is-config="true" signature="initialization()[pri:0, instance:com.bridgelabz.test.InstagramTest@7526515b]" started-at="2023-04-03T11:10:39 IST" name="initialization" finished-at="2023-04-03T11:10:48 IST" duration-ms="8423" status="PASS">
          <reporter-output>
          </reporter-output>
        </test-method> <!-- initialization -->
        <test-method signature="loginToInstagram(java.lang.String,java.lang.String)[pri:2, instance:com.bridgelabz.test.InstagramTest@7526515b]" started-at="2023-04-03T11:10:48 IST" name="loginToInstagram" data-provider="testData" finished-at="2023-04-03T11:10:54 IST" duration-ms="6473" status="PASS">
          <params>
            <param index="0">
              <value>
                <![CDATA[kartik]]>
              </value>
            </param>
            <param index="1">
              <value>
                <![CDATA[kartk@123]]>
              </value>
            </param>
          </params>
          <reporter-output>
          </reporter-output>
        </test-method> <!-- loginToInstagram -->
        <test-method is-config="true" signature="tearDown()[pri:0, instance:com.bridgelabz.test.InstagramTest@7526515b]" started-at="2023-04-03T11:10:54 IST" name="tearDown" finished-at="2023-04-03T11:10:54 IST" duration-ms="164" status="PASS">
          <reporter-output>
          </reporter-output>
        </test-method> <!-- tearDown -->
        <test-method is-config="true" signature="initialization()[pri:0, instance:com.bridgelabz.test.InstagramTest@7526515b]" started-at="2023-04-03T11:10:54 IST" name="initialization" finished-at="2023-04-03T11:11:03 IST" duration-ms="9166" status="PASS">
          <reporter-output>
          </reporter-output>
        </test-method> <!-- initialization -->
        <test-method signature="loginToInstagram(java.lang.String,java.lang.String)[pri:2, instance:com.bridgelabz.test.InstagramTest@7526515b]" started-at="2023-04-03T11:11:03 IST" name="loginToInstagram" data-provider="testData" finished-at="2023-04-03T11:11:10 IST" duration-ms="6492" status="PASS">
          <params>
            <param index="0">
              <value>
                <![CDATA[sanjaymishra2913]]>
              </value>
            </param>
            <param index="1">
              <value>
                <![CDATA[sanjay@2912]]>
              </value>
            </param>
          </params>
          <reporter-output>
          </reporter-output>
        </test-method> <!-- loginToInstagram -->
        <test-method is-config="true" signature="tearDown()[pri:0, instance:com.bridgelabz.test.InstagramTest@7526515b]" started-at="2023-04-03T11:11:10 IST" name="tearDown" finished-at="2023-04-03T11:11:10 IST" duration-ms="113" status="PASS">
          <reporter-output>
          </reporter-output>
        </test-method> <!-- tearDown -->
        <test-method is-config="true" signature="initialization()[pri:0, instance:com.bridgelabz.test.InstagramTest@7526515b]" started-at="2023-04-03T11:11:10 IST" name="initialization" finished-at="2023-04-03T11:11:18 IST" duration-ms="8286" status="PASS">
          <reporter-output>
          </reporter-output>
        </test-method> <!-- initialization -->
        <test-method signature="followPeople()[pri:3, instance:com.bridgelabz.test.InstagramTest@7526515b]" started-at="2023-04-03T11:11:18 IST" name="followPeople" finished-at="2023-04-03T11:11:39 IST" duration-ms="20970" status="PASS">
          <reporter-output>
          </reporter-output>
        </test-method> <!-- followPeople -->
        <test-method is-config="true" signature="tearDown()[pri:0, instance:com.bridgelabz.test.InstagramTest@7526515b]" started-at="2023-04-03T11:11:39 IST" name="tearDown" finished-at="2023-04-03T11:11:39 IST" duration-ms="170" status="PASS">
          <reporter-output>
          </reporter-output>
        </test-method> <!-- tearDown -->
        <test-method is-config="true" signature="initialization()[pri:0, instance:com.bridgelabz.test.InstagramTest@7526515b]" started-at="2023-04-03T11:11:39 IST" name="initialization" finished-at="2023-04-03T11:11:48 IST" duration-ms="8422" status="PASS">
          <reporter-output>
          </reporter-output>
        </test-method> <!-- initialization -->
        <test-method signature="logoutInstagram()[pri:4, instance:com.bridgelabz.test.InstagramTest@7526515b]" started-at="2023-04-03T11:11:48 IST" name="logoutInstagram" finished-at="2023-04-03T11:12:18 IST" duration-ms="29907" status="FAIL">
          <exception class="org.openqa.selenium.NoSuchElementException">
            <message>
              <![CDATA[no such element: Unable to locate element: {"method":"xpath","selector":"/html/body/div[2]/div/div/div[1]/div/div/div/div[1]/div[1]/div[1]/div/div/div/div/div[3]/div/div/a/div"}
  (Session info: chrome=111.0.5563.110)
For documentation on this error, please visit: https://selenium.dev/exceptions/#no_such_element
Build info: version: '4.5.0', revision: 'fe167b119a'
System info: os.name: 'Mac OS X', os.arch: 'x86_64', os.version: '11.5.2', java.version: '17.0.2'
Driver info: org.openqa.selenium.chrome.ChromeDriver
Command: [fb831b932264417e7cbac203cfcbd0f0, findElement {using=xpath, value=/html/body/div[2]/div/div/div[1]/div/div/div/div[1]/div[1]/div[1]/div/div/div/div/div[3]/div/div/a/div}]
Capabilities {acceptInsecureCerts: false, browserName: chrome, browserVersion: 111.0.5563.110, chrome: {chromedriverVersion: 111.0.5563.64 (c710e93d5b63..., userDataDir: /var/folders/x6/r78c4hy9771...}, goog:chromeOptions: {debuggerAddress: localhost:50196}, networkConnectionEnabled: false, pageLoadStrategy: normal, platformName: MAC, proxy: Proxy(), se:cdp: ws://localhost:50196/devtoo..., se:cdpVersion: 111.0.5563.110, setWindowRect: true, strictFileInteractability: false, timeouts: {implicit: 0, pageLoad: 300000, script: 30000}, unhandledPromptBehavior: dismiss and notify, webauthn:extension:credBlob: true, webauthn:extension:largeBlob: true, webauthn:extension:minPinLength: true, webauthn:extension:prf: true, webauthn:virtualAuthenticators: true}
Session ID: fb831b932264417e7cbac203cfcbd0f0]]>
            </message>
            <full-stacktrace>
              <![CDATA[org.openqa.selenium.NoSuchElementException: no such element: Unable to locate element: {"method":"xpath","selector":"/html/body/div[2]/div/div/div[1]/div/div/div/div[1]/div[1]/div[1]/div/div/div/div/div[3]/div/div/a/div"}
  (Session info: chrome=111.0.5563.110)
For documentation on this error, please visit: https://selenium.dev/exceptions/#no_such_element
Build info: version: '4.5.0', revision: 'fe167b119a'
System info: os.name: 'Mac OS X', os.arch: 'x86_64', os.version: '11.5.2', java.version: '17.0.2'
Driver info: org.openqa.selenium.chrome.ChromeDriver
Command: [fb831b932264417e7cbac203cfcbd0f0, findElement {using=xpath, value=/html/body/div[2]/div/div/div[1]/div/div/div/div[1]/div[1]/div[1]/div/div/div/div/div[3]/div/div/a/div}]
Capabilities {acceptInsecureCerts: false, browserName: chrome, browserVersion: 111.0.5563.110, chrome: {chromedriverVersion: 111.0.5563.64 (c710e93d5b63..., userDataDir: /var/folders/x6/r78c4hy9771...}, goog:chromeOptions: {debuggerAddress: localhost:50196}, networkConnectionEnabled: false, pageLoadStrategy: normal, platformName: MAC, proxy: Proxy(), se:cdp: ws://localhost:50196/devtoo..., se:cdpVersion: 111.0.5563.110, setWindowRect: true, strictFileInteractability: false, timeouts: {implicit: 0, pageLoad: 300000, script: 30000}, unhandledPromptBehavior: dismiss and notify, webauthn:extension:credBlob: true, webauthn:extension:largeBlob: true, webauthn:extension:minPinLength: true, webauthn:extension:prf: true, webauthn:virtualAuthenticators: true}
Session ID: fb831b932264417e7cbac203cfcbd0f0
at java.base/jdk.internal.reflect.NativeConstructorAccessorImpl.newInstance0(Native Method)
at java.base/jdk.internal.reflect.NativeConstructorAccessorImpl.newInstance(NativeConstructorAccessorImpl.java:77)
at java.base/jdk.internal.reflect.DelegatingConstructorAccessorImpl.newInstance(DelegatingConstructorAccessorImpl.java:45)
at java.base/java.lang.reflect.Constructor.newInstanceWithCaller(Constructor.java:499)
at java.base/java.lang.reflect.Constructor.newInstance(Constructor.java:480)
at org.openqa.selenium.remote.codec.w3c.W3CHttpResponseCodec.createException(W3CHttpResponseCodec.java:200)
at org.openqa.selenium.remote.codec.w3c.W3CHttpResponseCodec.decode(W3CHttpResponseCodec.java:133)
at org.openqa.selenium.remote.codec.w3c.W3CHttpResponseCodec.decode(W3CHttpResponseCodec.java:53)
at org.openqa.selenium.remote.HttpCommandExecutor.execute(HttpCommandExecutor.java:184)
at org.openqa.selenium.remote.service.DriverCommandExecutor.invokeExecute(DriverCommandExecutor.java:167)
at org.openqa.selenium.remote.service.DriverCommandExecutor.execute(DriverCommandExecutor.java:142)
at org.openqa.selenium.remote.RemoteWebDriver.execute(RemoteWebDriver.java:547)
at org.openqa.selenium.remote.ElementLocation$ElementFinder$2.findElement(ElementLocation.java:162)
at org.openqa.selenium.remote.ElementLocation.findElement(ElementLocation.java:60)
at org.openqa.selenium.remote.RemoteWebDriver.findElement(RemoteWebDriver.java:365)
at org.openqa.selenium.remote.RemoteWebDriver.findElement(RemoteWebDriver.java:357)
at org.openqa.selenium.support.pagefactory.DefaultElementLocator.findElement(DefaultElementLocator.java:70)
at org.openqa.selenium.support.pagefactory.internal.LocatingElementHandler.invoke(LocatingElementHandler.java:39)
at jdk.proxy2/jdk.proxy2.$Proxy18.click(Unknown Source)
at qa.bridgelabz.pages.LogoutPage.logOut(LogoutPage.java:30)
at com.bridgelabz.test.InstagramTest.logoutInstagram(InstagramTest.java:67)
at java.base/jdk.internal.reflect.NativeMethodAccessorImpl.invoke0(Native Method)
at java.base/jdk.internal.reflect.NativeMethodAccessorImpl.invoke(NativeMethodAccessorImpl.java:77)
at java.base/jdk.internal.reflect.DelegatingMethodAccessorImpl.invoke(DelegatingMethodAccessorImpl.java:43)
at java.base/java.lang.reflect.Method.invoke(Method.java:568)
at org.testng.internal.MethodInvocationHelper.invokeMethod(MethodInvocationHelper.java:133)
at org.testng.internal.TestInvoker.invokeMethod(TestInvoker.java:598)
at org.testng.internal.TestInvoker.invokeTestMethod(TestInvoker.java:173)
at org.testng.internal.MethodRunner.runInSequence(MethodRunner.java:46)
at org.testng.internal.TestInvoker$MethodInvocationAgent.invoke(TestInvoker.java:824)
at org.testng.internal.TestInvoker.invokeTestMethods(TestInvoker.java:146)
at org.testng.internal.TestMethodWorker.invokeTestMethods(TestMethodWorker.java:146)
at org.testng.internal.TestMethodWorker.run(TestMethodWorker.java:128)
at java.base/java.util.ArrayList.forEach(ArrayList.java:1511)
at org.testng.TestRunner.privateRun(TestRunner.java:794)
at org.testng.TestRunner.run(TestRunner.java:596)
at org.testng.SuiteRunner.runTest(SuiteRunner.java:377)
at org.testng.SuiteRunner.runSequentially(SuiteRunner.java:371)
at org.testng.SuiteRunner.privateRun(SuiteRunner.java:332)
at org.testng.SuiteRunner.run(SuiteRunner.java:276)
at org.testng.SuiteRunnerWorker.runSuite(SuiteRunnerWorker.java:53)
at org.testng.SuiteRunnerWorker.run(SuiteRunnerWorker.java:96)
at org.testng.TestNG.runSuitesSequentially(TestNG.java:1212)
at org.testng.TestNG.runSuitesLocally(TestNG.java:1134)
at org.testng.TestNG.runSuites(TestNG.java:1063)
at org.testng.TestNG.run(TestNG.java:1031)
at org.testng.remote.AbstractRemoteTestNG.run(AbstractRemoteTestNG.java:115)
at org.testng.remote.RemoteTestNG.initAndRun(RemoteTestNG.java:251)
at org.testng.remote.RemoteTestNG.main(RemoteTestNG.java:77)
]]>
            </full-stacktrace>
          </exception> <!-- org.openqa.selenium.NoSuchElementException -->
          <reporter-output>
          </reporter-output>
        </test-method> <!-- logoutInstagram -->
        <test-method is-config="true" signature="tearDown()[pri:0, instance:com.bridgelabz.test.InstagramTest@7526515b]" started-at="2023-04-03T11:12:18 IST" name="tearDown" finished-at="2023-04-03T11:12:18 IST" duration-ms="112" status="PASS">
          <reporter-output>
          </reporter-output>
        </test-method> <!-- tearDown -->
        <test-method is-config="true" signature="initialization()[pri:0, instance:com.bridgelabz.test.InstagramTest@7526515b]" started-at="2023-04-03T11:12:18 IST" name="initialization" finished-at="2023-04-03T11:12:27 IST" duration-ms="8968" status="PASS">
          <reporter-output>
          </reporter-output>
        </test-method> <!-- initialization -->
        <test-method signature="LikeAllPostsFromInsta()[pri:5, instance:com.bridgelabz.test.InstagramTest@7526515b]" started-at="2023-04-03T11:12:27 IST" name="LikeAllPostsFromInsta" finished-at="2023-04-03T11:12:48 IST" duration-ms="20814" status="PASS">
          <reporter-output>
          </reporter-output>
        </test-method> <!-- LikeAllPostsFromInsta -->
        <test-method is-config="true" signature="tearDown()[pri:0, instance:com.bridgelabz.test.InstagramTest@7526515b]" started-at="2023-04-03T11:12:48 IST" name="tearDown" finished-at="2023-04-03T11:12:48 IST" duration-ms="167" status="PASS">
          <reporter-output>
          </reporter-output>
        </test-method> <!-- tearDown -->
        <test-method is-config="true" signature="initialization()[pri:0, instance:com.bridgelabz.test.InstagramTest@7526515b]" started-at="2023-04-03T11:12:48 IST" name="initialization" finished-at="2023-04-03T11:12:56 IST" duration-ms="8296" status="PASS">
          <reporter-output>
          </reporter-output>
        </test-method> <!-- initialization -->
        <test-method signature="messageToPeople()[pri:6, instance:com.bridgelabz.test.InstagramTest@7526515b]" started-at="2023-04-03T11:12:56 IST" name="messageToPeople" finished-at="2023-04-03T11:13:13 IST" duration-ms="17248" status="FAIL">
          <exception class="org.openqa.selenium.InvalidElementStateException">
            <message>
              <![CDATA[invalid element state
  (Session info: chrome=111.0.5563.110)
Build info: version: '4.5.0', revision: 'fe167b119a'
System info: os.name: 'Mac OS X', os.arch: 'x86_64', os.version: '11.5.2', java.version: '17.0.2'
Driver info: org.openqa.selenium.chrome.ChromeDriver
Command: [c239759c79605eda8c726e32f341c173, clearElement {id=6cd8956b-b8e0-4199-a3f1-f79e175bb419}]
Capabilities {acceptInsecureCerts: false, browserName: chrome, browserVersion: 111.0.5563.110, chrome: {chromedriverVersion: 111.0.5563.64 (c710e93d5b63..., userDataDir: /var/folders/x6/r78c4hy9771...}, goog:chromeOptions: {debuggerAddress: localhost:50295}, networkConnectionEnabled: false, pageLoadStrategy: normal, platformName: MAC, proxy: Proxy(), se:cdp: ws://localhost:50295/devtoo..., se:cdpVersion: 111.0.5563.110, setWindowRect: true, strictFileInteractability: false, timeouts: {implicit: 0, pageLoad: 300000, script: 30000}, unhandledPromptBehavior: dismiss and notify, webauthn:extension:credBlob: true, webauthn:extension:largeBlob: true, webauthn:extension:minPinLength: true, webauthn:extension:prf: true, webauthn:virtualAuthenticators: true}
Element: [[ChromeDriver: chrome on MAC (c239759c79605eda8c726e32f341c173)] -> xpath: /html/body/div[2]/div/div/div[3]/div/div/div[1]/div/div[2]/div/div/div/div/div[2]/div/div/div[3]/button[2]]
Session ID: c239759c79605eda8c726e32f341c173]]>
            </message>
            <full-stacktrace>
              <![CDATA[org.openqa.selenium.InvalidElementStateException: invalid element state
  (Session info: chrome=111.0.5563.110)
Build info: version: '4.5.0', revision: 'fe167b119a'
System info: os.name: 'Mac OS X', os.arch: 'x86_64', os.version: '11.5.2', java.version: '17.0.2'
Driver info: org.openqa.selenium.chrome.ChromeDriver
Command: [c239759c79605eda8c726e32f341c173, clearElement {id=6cd8956b-b8e0-4199-a3f1-f79e175bb419}]
Capabilities {acceptInsecureCerts: false, browserName: chrome, browserVersion: 111.0.5563.110, chrome: {chromedriverVersion: 111.0.5563.64 (c710e93d5b63..., userDataDir: /var/folders/x6/r78c4hy9771...}, goog:chromeOptions: {debuggerAddress: localhost:50295}, networkConnectionEnabled: false, pageLoadStrategy: normal, platformName: MAC, proxy: Proxy(), se:cdp: ws://localhost:50295/devtoo..., se:cdpVersion: 111.0.5563.110, setWindowRect: true, strictFileInteractability: false, timeouts: {implicit: 0, pageLoad: 300000, script: 30000}, unhandledPromptBehavior: dismiss and notify, webauthn:extension:credBlob: true, webauthn:extension:largeBlob: true, webauthn:extension:minPinLength: true, webauthn:extension:prf: true, webauthn:virtualAuthenticators: true}
Element: [[ChromeDriver: chrome on MAC (c239759c79605eda8c726e32f341c173)] -> xpath: /html/body/div[2]/div/div/div[3]/div/div/div[1]/div/div[2]/div/div/div/div/div[2]/div/div/div[3]/button[2]]
Session ID: c239759c79605eda8c726e32f341c173
at java.base/jdk.internal.reflect.NativeConstructorAccessorImpl.newInstance0(Native Method)
at java.base/jdk.internal.reflect.NativeConstructorAccessorImpl.newInstance(NativeConstructorAccessorImpl.java:77)
at java.base/jdk.internal.reflect.DelegatingConstructorAccessorImpl.newInstance(DelegatingConstructorAccessorImpl.java:45)
at java.base/java.lang.reflect.Constructor.newInstanceWithCaller(Constructor.java:499)
at java.base/java.lang.reflect.Constructor.newInstance(Constructor.java:480)
at org.openqa.selenium.remote.codec.w3c.W3CHttpResponseCodec.createException(W3CHttpResponseCodec.java:200)
at org.openqa.selenium.remote.codec.w3c.W3CHttpResponseCodec.decode(W3CHttpResponseCodec.java:133)
at org.openqa.selenium.remote.codec.w3c.W3CHttpResponseCodec.decode(W3CHttpResponseCodec.java:53)
at org.openqa.selenium.remote.HttpCommandExecutor.execute(HttpCommandExecutor.java:184)
at org.openqa.selenium.remote.service.DriverCommandExecutor.invokeExecute(DriverCommandExecutor.java:167)
at org.openqa.selenium.remote.service.DriverCommandExecutor.execute(DriverCommandExecutor.java:142)
at org.openqa.selenium.remote.RemoteWebDriver.execute(RemoteWebDriver.java:547)
at org.openqa.selenium.remote.RemoteWebElement.execute(RemoteWebElement.java:257)
at org.openqa.selenium.remote.RemoteWebElement.clear(RemoteWebElement.java:132)
at java.base/jdk.internal.reflect.NativeMethodAccessorImpl.invoke0(Native Method)
at java.base/jdk.internal.reflect.NativeMethodAccessorImpl.invoke(NativeMethodAccessorImpl.java:77)
at java.base/jdk.internal.reflect.DelegatingMethodAccessorImpl.invoke(DelegatingMethodAccessorImpl.java:43)
at java.base/java.lang.reflect.Method.invoke(Method.java:568)
at org.openqa.selenium.support.pagefactory.internal.LocatingElementHandler.invoke(LocatingElementHandler.java:52)
at jdk.proxy2/jdk.proxy2.$Proxy18.clear(Unknown Source)
at qa.bridgelabz.pages.Message.messageToSearchPeople(Message.java:31)
at com.bridgelabz.test.InstagramTest.messageToPeople(InstagramTest.java:80)
at java.base/jdk.internal.reflect.NativeMethodAccessorImpl.invoke0(Native Method)
at java.base/jdk.internal.reflect.NativeMethodAccessorImpl.invoke(NativeMethodAccessorImpl.java:77)
at java.base/jdk.internal.reflect.DelegatingMethodAccessorImpl.invoke(DelegatingMethodAccessorImpl.java:43)
at java.base/java.lang.reflect.Method.invoke(Method.java:568)
at org.testng.internal.MethodInvocationHelper.invokeMethod(MethodInvocationHelper.java:133)
at org.testng.internal.TestInvoker.invokeMethod(TestInvoker.java:598)
at org.testng.internal.TestInvoker.invokeTestMethod(TestInvoker.java:173)
at org.testng.internal.MethodRunner.runInSequence(MethodRunner.java:46)
at org.testng.internal.TestInvoker$MethodInvocationAgent.invoke(TestInvoker.java:824)
at org.testng.internal.TestInvoker.invokeTestMethods(TestInvoker.java:146)
at org.testng.internal.TestMethodWorker.invokeTestMethods(TestMethodWorker.java:146)
at org.testng.internal.TestMethodWorker.run(TestMethodWorker.java:128)
at java.base/java.util.ArrayList.forEach(ArrayList.java:1511)
at org.testng.TestRunner.privateRun(TestRunner.java:794)
at org.testng.TestRunner.run(TestRunner.java:596)
at org.testng.SuiteRunner.runTest(SuiteRunner.java:377)
at org.testng.SuiteRunner.runSequentially(SuiteRunner.java:371)
at org.testng.SuiteRunner.privateRun(SuiteRunner.java:332)
at org.testng.SuiteRunner.run(SuiteRunner.java:276)
at org.testng.SuiteRunnerWorker.runSuite(SuiteRunnerWorker.java:53)
at org.testng.SuiteRunnerWorker.run(SuiteRunnerWorker.java:96)
at org.testng.TestNG.runSuitesSequentially(TestNG.java:1212)
at org.testng.TestNG.runSuitesLocally(TestNG.java:1134)
at org.testng.TestNG.runSuites(TestNG.java:1063)
at org.testng.TestNG.run(TestNG.java:1031)
at org.testng.remote.AbstractRemoteTestNG.run(AbstractRemoteTestNG.java:115)
at org.testng.remote.RemoteTestNG.initAndRun(RemoteTestNG.java:251)
at org.testng.remote.RemoteTestNG.main(RemoteTestNG.java:77)
]]>
            </full-stacktrace>
          </exception> <!-- org.openqa.selenium.InvalidElementStateException -->
          <reporter-output>
          </reporter-output>
        </test-method> <!-- messageToPeople -->
        <test-method is-config="true" signature="tearDown()[pri:0, instance:com.bridgelabz.test.InstagramTest@7526515b]" started-at="2023-04-03T11:13:13 IST" name="tearDown" finished-at="2023-04-03T11:13:14 IST" duration-ms="166" status="PASS">
          <reporter-output>
          </reporter-output>
        </test-method> <!-- tearDown -->
      </class> <!-- com.bridgelabz.test.InstagramTest -->
    </test> <!-- Default test -->
  </suite> <!-- Default suite -->
</testng-results>
